2022-11-22 20:38:36,533:INFO:PyCaret Supervised Module
2022-11-22 20:38:36,541:INFO:ML Usecase: classification
2022-11-22 20:38:36,541:INFO:version 2.3.10
2022-11-22 20:38:36,541:INFO:Initializing setup()
2022-11-22 20:38:36,541:INFO:setup(target=Transported, ml_usecase=classification, available_plots={'parameter': 'Hyperparameters', 'auc': 'AUC', 'confusion_matrix': 'Confusion Matrix', 'threshold': 'Threshold', 'pr': 'Precision Recall', 'error': 'Prediction Error', 'class_report': 'Class Report', 'rfe': 'Feature Selection', 'learning': 'Learning Curve', 'manifold': 'Manifold Learning', 'calibration': 'Calibration Curve', 'vc': 'Validation Curve', 'dimension': 'Dimensions', 'feature': 'Feature Importance', 'feature_all': 'Feature Importance (All)', 'boundary': 'Decision Boundary', 'lift': 'Lift Chart', 'gain': 'Gain Chart', 'tree': 'Decision Tree', 'ks': 'KS Statistic Plot'}, train_size=0.7, test_data=None, preprocess=True, imputation_type=simple, iterative_imputation_iters=5, categorical_features=None, categorical_imputation=constant, categorical_iterative_imputer=lightgbm, ordinal_features=None, high_cardinality_features=None, high_cardinality_method=frequency, numeric_features=None, numeric_imputation=mean, numeric_iterative_imputer=lightgbm, date_features=None, ignore_features=None, normalize=False, normalize_method=zscore, transformation=False, transformation_method=yeo-johnson, handle_unknown_categorical=True, unknown_categorical_method=least_frequent, pca=False, pca_method=linear, pca_components=None, ignore_low_variance=False, combine_rare_levels=False, rare_level_threshold=0.1, bin_numeric_features=None, remove_outliers=False, outliers_threshold=0.05, remove_multicollinearity=False, multicollinearity_threshold=0.9, remove_perfect_collinearity=True, create_clusters=False, cluster_iter=20, polynomial_features=False, polynomial_degree=2, trigonometry_features=False, polynomial_threshold=0.1, group_features=None, group_names=None, feature_selection=False, feature_selection_threshold=0.8, feature_selection_method=classic, feature_interaction=False, feature_ratio=False, interaction_threshold=0.01, fix_imbalance=False, fix_imbalance_method=None, transform_target=False, transform_target_method=box-cox, data_split_shuffle=True, data_split_stratify=False, fold_strategy=stratifiedkfold, fold=10, fold_shuffle=False, fold_groups=None, n_jobs=-1, use_gpu=False, custom_pipeline=None, html=True, session_id=None, log_experiment=False, experiment_name=None, experiment_custom_tags=None, log_plots=False, log_profile=False, log_data=False, silent=True, verbose=True, profile=False, profile_kwargs=None, display=None)
2022-11-22 20:38:36,565:INFO:Checking environment
2022-11-22 20:38:36,565:INFO:python_version: 3.9.12
2022-11-22 20:38:36,565:INFO:python_build: ('main', 'Apr  4 2022 05:22:27')
2022-11-22 20:38:36,565:INFO:machine: AMD64
2022-11-22 20:38:36,581:INFO:platform: Windows-10-10.0.19045-SP0
2022-11-22 20:38:36,581:INFO:Memory: svmem(total=17080393728, available=6367617024, percent=62.7, used=10712776704, free=6367617024)
2022-11-22 20:38:36,581:INFO:Physical Core: 4
2022-11-22 20:38:36,581:INFO:Logical Core: 8
2022-11-22 20:38:36,581:INFO:Checking libraries
2022-11-22 20:38:36,581:INFO:pd==1.4.2
2022-11-22 20:38:36,581:INFO:numpy==1.19.5
2022-11-22 20:38:36,581:INFO:sklearn==0.23.2
2022-11-22 20:38:36,581:INFO:lightgbm==3.3.3
2022-11-22 20:38:36,581:WARNING:catboost not found
2022-11-22 20:38:36,589:WARNING:xgboost not found
2022-11-22 20:38:36,589:INFO:mlflow==2.0.1
2022-11-22 20:38:36,589:INFO:Checking Exceptions
2022-11-22 20:38:36,589:INFO:Declaring global variables
2022-11-22 20:38:36,589:INFO:USI: f239
2022-11-22 20:38:36,589:INFO:pycaret_globals: {'X_test', 'fold_param', 'data_before_preprocess', 'logging_param', 'seed', 'fold_groups_param', 'fix_imbalance_param', 'fold_groups_param_full', 'display_container', '_available_plots', 'create_model_container', 'fold_generator', 'y', 'transform_target_param', '_all_models', '_all_metrics', '_all_models_internal', 'fold_shuffle_param', 'y_train', 'master_model_container', 'n_jobs_param', '_ml_usecase', 'target_param', 'X', 'exp_name_log', 'html_param', 'log_plots_param', 'iterative_imputation_iters_param', 'imputation_regressor', 'y_test', 'dashboard_logger', 'gpu_param', 'X_train', 'pycaret_globals', 'imputation_classifier', '_internal_pipeline', 'experiment__', 'USI', '_gpu_n_jobs_param', 'transform_target_method_param', 'fix_imbalance_method_param', 'stratify_param', 'prep_pipe'}
2022-11-22 20:38:36,597:INFO:Preparing display monitor
2022-11-22 20:38:36,597:INFO:Preparing display monitor
2022-11-22 20:38:36,645:INFO:Importing libraries
2022-11-22 20:38:36,645:INFO:Copying data for preprocessing
2022-11-22 20:38:36,653:INFO:Declaring preprocessing parameters
2022-11-22 20:38:36,653:INFO:Creating preprocessing pipeline
2022-11-22 20:38:36,685:INFO:Preprocessing pipeline created successfully
2022-11-22 20:38:36,685:ERROR:(Process Exit): setup has been interupted with user command 'quit'. setup must rerun.
2022-11-22 20:38:36,685:INFO:Creating global containers
2022-11-22 20:38:36,725:INFO:Internal pipeline: Pipeline(memory=None, steps=[('empty_step', 'passthrough')], verbose=False)
2022-11-22 20:38:37,737:WARNING:Couldn't import xgboost.XGBClassifier
2022-11-22 20:38:37,737:WARNING:Couldn't import catboost.CatBoostClassifier
2022-11-22 20:38:37,889:WARNING:Couldn't import xgboost.XGBClassifier
2022-11-22 20:38:37,897:WARNING:Couldn't import catboost.CatBoostClassifier
2022-11-22 20:38:37,897:INFO:Creating grid variables
2022-11-22 20:38:37,897:INFO:create_model_container: 0
2022-11-22 20:38:37,897:INFO:master_model_container: 0
2022-11-22 20:38:37,897:INFO:display_container: 1
2022-11-22 20:38:37,905:INFO:Pipeline(memory=None,
         steps=[('dtypes',
                 DataTypes_Auto_infer(categorical_features=[],
                                      display_types=False, features_todrop=[],
                                      id_columns=[],
                                      ml_usecase='classification',
                                      numerical_features=[],
                                      target='Transported', time_features=[])),
                ('imputer',
                 Simple_Imputer(categorical_strategy='not_available',
                                fill_value_categorical=None,
                                fill_value_numerical=None,
                                numeric...
                ('scaling', 'passthrough'), ('P_transform', 'passthrough'),
                ('binn', 'passthrough'), ('rem_outliers', 'passthrough'),
                ('cluster_all', 'passthrough'),
                ('dummy', Dummify(target='Transported')),
                ('fix_perfect', Remove_100(target='Transported')),
                ('clean_names', Clean_Colum_Names()),
                ('feature_select', 'passthrough'), ('fix_multi', 'passthrough'),
                ('dfs', 'passthrough'), ('pca', 'passthrough')],
         verbose=False)
2022-11-22 20:38:37,913:INFO:setup() succesfully completed......................................
2022-11-22 20:38:38,105:INFO:Initializing compare_models()
2022-11-22 20:38:38,105:INFO:compare_models(include=None, fold=None, round=4, cross_validation=True, sort=Accuracy, n_select=1, budget_time=None, turbo=True, errors=ignore, fit_kwargs=None, groups=None, experiment_custom_tags=None, probability_threshold=None, verbose=True, display=None, exclude=None)
2022-11-22 20:38:38,113:INFO:Checking exceptions
2022-11-22 20:38:38,113:INFO:Preparing display monitor
2022-11-22 20:38:38,113:INFO:Preparing display monitor
2022-11-22 20:38:38,129:INFO:Initializing Logistic Regression
2022-11-22 20:38:38,129:INFO:Total runtime is 0.0 minutes
2022-11-22 20:38:38,137:INFO:SubProcess create_model() called ==================================
2022-11-22 20:38:38,137:INFO:Initializing create_model()
2022-11-22 20:38:38,137:INFO:create_model(estimator=lr, fold=StratifiedKFold(n_splits=10, random_state=None, shuffle=False), round=4, cross_validation=True, predict=True, fit_kwargs={}, groups=None, refit=False, verbose=False, system=False, metrics=None, experiment_custom_tags=None, add_to_model_list=True, probability_threshold=None, display=<pycaret.internal.Display.Display object at 0x000001C4033B1820>, return_train_score=False, kwargs={})
2022-11-22 20:38:38,137:INFO:Checking exceptions
2022-11-22 20:38:38,137:INFO:Importing libraries
2022-11-22 20:38:38,137:INFO:Copying training dataset
2022-11-22 20:38:38,137:INFO:Defining folds
2022-11-22 20:38:38,137:INFO:Declaring metric variables
2022-11-22 20:38:38,145:INFO:Importing untrained model
2022-11-22 20:38:38,153:INFO:Logistic Regression Imported succesfully
2022-11-22 20:38:38,169:INFO:Starting cross validation
2022-11-22 20:38:38,169:INFO:Cross validating with StratifiedKFold(n_splits=10, random_state=None, shuffle=False), n_jobs=-1
2022-11-22 20:38:42,246:INFO:Calculating mean and std
2022-11-22 20:38:42,246:INFO:Creating metrics dataframe
2022-11-22 20:38:42,326:INFO:Uploading results into container
2022-11-22 20:38:42,326:INFO:Uploading model into container now
2022-11-22 20:38:42,326:INFO:create_model_container: 1
2022-11-22 20:38:42,326:INFO:master_model_container: 1
2022-11-22 20:38:42,326:INFO:display_container: 2
2022-11-22 20:38:42,326:INFO:LogisticRegression(C=1.0, class_weight=None, dual=False, fit_intercept=True,
                   intercept_scaling=1, l1_ratio=None, max_iter=1000,
                   multi_class='auto', n_jobs=None, penalty='l2',
                   random_state=3641, solver='lbfgs', tol=0.0001, verbose=0,
                   warm_start=False)
2022-11-22 20:38:42,326:INFO:create_model() succesfully completed......................................
2022-11-22 20:38:42,502:INFO:SubProcess create_model() end ==================================
2022-11-22 20:38:42,502:INFO:Creating metrics dataframe
2022-11-22 20:38:42,510:INFO:Initializing K Neighbors Classifier
2022-11-22 20:38:42,510:INFO:Total runtime is 0.0730204979578654 minutes
2022-11-22 20:38:42,518:INFO:SubProcess create_model() called ==================================
2022-11-22 20:38:42,518:INFO:Initializing create_model()
2022-11-22 20:38:42,518:INFO:create_model(estimator=knn, fold=StratifiedKFold(n_splits=10, random_state=None, shuffle=False), round=4, cross_validation=True, predict=True, fit_kwargs={}, groups=None, refit=False, verbose=False, system=False, metrics=None, experiment_custom_tags=None, add_to_model_list=True, probability_threshold=None, display=<pycaret.internal.Display.Display object at 0x000001C4033B1820>, return_train_score=False, kwargs={})
2022-11-22 20:38:42,518:INFO:Checking exceptions
2022-11-22 20:38:42,518:INFO:Importing libraries
2022-11-22 20:38:42,518:INFO:Copying training dataset
2022-11-22 20:38:42,518:INFO:Defining folds
2022-11-22 20:38:42,518:INFO:Declaring metric variables
2022-11-22 20:38:42,526:INFO:Importing untrained model
2022-11-22 20:38:42,534:INFO:K Neighbors Classifier Imported succesfully
2022-11-22 20:38:42,542:INFO:Starting cross validation
2022-11-22 20:38:42,542:INFO:Cross validating with StratifiedKFold(n_splits=10, random_state=None, shuffle=False), n_jobs=-1
2022-11-22 20:38:42,670:INFO:Calculating mean and std
2022-11-22 20:38:42,670:INFO:Creating metrics dataframe
2022-11-22 20:38:42,678:INFO:Uploading results into container
2022-11-22 20:38:42,678:INFO:Uploading model into container now
2022-11-22 20:38:42,678:INFO:create_model_container: 2
2022-11-22 20:38:42,686:INFO:master_model_container: 2
2022-11-22 20:38:42,686:INFO:display_container: 2
2022-11-22 20:38:42,686:INFO:KNeighborsClassifier(algorithm='auto', leaf_size=30, metric='minkowski',
                     metric_params=None, n_jobs=-1, n_neighbors=5, p=2,
                     weights='uniform')
2022-11-22 20:38:42,686:INFO:create_model() succesfully completed......................................
2022-11-22 20:38:42,854:INFO:SubProcess create_model() end ==================================
2022-11-22 20:38:42,854:INFO:Creating metrics dataframe
2022-11-22 20:38:42,862:INFO:Initializing Naive Bayes
2022-11-22 20:38:42,862:INFO:Total runtime is 0.07888662815093994 minutes
2022-11-22 20:38:42,870:INFO:SubProcess create_model() called ==================================
2022-11-22 20:38:42,870:INFO:Initializing create_model()
2022-11-22 20:38:42,870:INFO:create_model(estimator=nb, fold=StratifiedKFold(n_splits=10, random_state=None, shuffle=False), round=4, cross_validation=True, predict=True, fit_kwargs={}, groups=None, refit=False, verbose=False, system=False, metrics=None, experiment_custom_tags=None, add_to_model_list=True, probability_threshold=None, display=<pycaret.internal.Display.Display object at 0x000001C4033B1820>, return_train_score=False, kwargs={})
2022-11-22 20:38:42,870:INFO:Checking exceptions
2022-11-22 20:38:42,870:INFO:Importing libraries
2022-11-22 20:38:42,870:INFO:Copying training dataset
2022-11-22 20:38:42,870:INFO:Defining folds
2022-11-22 20:38:42,870:INFO:Declaring metric variables
2022-11-22 20:38:42,878:INFO:Importing untrained model
2022-11-22 20:38:42,886:INFO:Naive Bayes Imported succesfully
2022-11-22 20:38:42,894:INFO:Starting cross validation
2022-11-22 20:38:42,894:INFO:Cross validating with StratifiedKFold(n_splits=10, random_state=None, shuffle=False), n_jobs=-1
2022-11-22 20:38:42,958:INFO:Calculating mean and std
2022-11-22 20:38:42,966:INFO:Creating metrics dataframe
2022-11-22 20:38:42,974:INFO:Uploading results into container
2022-11-22 20:38:42,974:INFO:Uploading model into container now
2022-11-22 20:38:42,974:INFO:create_model_container: 3
2022-11-22 20:38:42,974:INFO:master_model_container: 3
2022-11-22 20:38:42,974:INFO:display_container: 2
2022-11-22 20:38:42,974:INFO:GaussianNB(priors=None, var_smoothing=1e-09)
2022-11-22 20:38:42,974:INFO:create_model() succesfully completed......................................
2022-11-22 20:38:43,134:INFO:SubProcess create_model() end ==================================
2022-11-22 20:38:43,134:INFO:Creating metrics dataframe
2022-11-22 20:38:43,142:INFO:Initializing Decision Tree Classifier
2022-11-22 20:38:43,142:INFO:Total runtime is 0.08355282147725424 minutes
2022-11-22 20:38:43,150:INFO:SubProcess create_model() called ==================================
2022-11-22 20:38:43,150:INFO:Initializing create_model()
2022-11-22 20:38:43,150:INFO:create_model(estimator=dt, fold=StratifiedKFold(n_splits=10, random_state=None, shuffle=False), round=4, cross_validation=True, predict=True, fit_kwargs={}, groups=None, refit=False, verbose=False, system=False, metrics=None, experiment_custom_tags=None, add_to_model_list=True, probability_threshold=None, display=<pycaret.internal.Display.Display object at 0x000001C4033B1820>, return_train_score=False, kwargs={})
2022-11-22 20:38:43,158:INFO:Checking exceptions
2022-11-22 20:38:43,158:INFO:Importing libraries
2022-11-22 20:38:43,158:INFO:Copying training dataset
2022-11-22 20:38:43,158:INFO:Defining folds
2022-11-22 20:38:43,158:INFO:Declaring metric variables
2022-11-22 20:38:43,158:INFO:Importing untrained model
2022-11-22 20:38:43,166:INFO:Decision Tree Classifier Imported succesfully
2022-11-22 20:38:43,214:INFO:Starting cross validation
2022-11-22 20:38:43,214:INFO:Cross validating with StratifiedKFold(n_splits=10, random_state=None, shuffle=False), n_jobs=-1
2022-11-22 20:38:43,366:INFO:Calculating mean and std
2022-11-22 20:38:43,366:INFO:Creating metrics dataframe
2022-11-22 20:38:43,374:INFO:Uploading results into container
2022-11-22 20:38:43,374:INFO:Uploading model into container now
2022-11-22 20:38:43,382:INFO:create_model_container: 4
2022-11-22 20:38:43,382:INFO:master_model_container: 4
2022-11-22 20:38:43,382:INFO:display_container: 2
2022-11-22 20:38:43,382:INFO:DecisionTreeClassifier(ccp_alpha=0.0, class_weight=None, criterion='gini',
                       max_depth=None, max_features=None, max_leaf_nodes=None,
                       min_impurity_decrease=0.0, min_impurity_split=None,
                       min_samples_leaf=1, min_samples_split=2,
                       min_weight_fraction_leaf=0.0, presort='deprecated',
                       random_state=3641, splitter='best')
2022-11-22 20:38:43,382:INFO:create_model() succesfully completed......................................
2022-11-22 20:38:43,558:INFO:SubProcess create_model() end ==================================
2022-11-22 20:38:43,566:INFO:Creating metrics dataframe
2022-11-22 20:38:43,574:INFO:Initializing SVM - Linear Kernel
2022-11-22 20:38:43,574:INFO:Total runtime is 0.0907521406809489 minutes
2022-11-22 20:38:43,574:INFO:SubProcess create_model() called ==================================
2022-11-22 20:38:43,582:INFO:Initializing create_model()
2022-11-22 20:38:43,582:INFO:create_model(estimator=svm, fold=StratifiedKFold(n_splits=10, random_state=None, shuffle=False), round=4, cross_validation=True, predict=True, fit_kwargs={}, groups=None, refit=False, verbose=False, system=False, metrics=None, experiment_custom_tags=None, add_to_model_list=True, probability_threshold=None, display=<pycaret.internal.Display.Display object at 0x000001C4033B1820>, return_train_score=False, kwargs={})
2022-11-22 20:38:43,582:INFO:Checking exceptions
2022-11-22 20:38:43,582:INFO:Importing libraries
2022-11-22 20:38:43,582:INFO:Copying training dataset
2022-11-22 20:38:43,582:INFO:Defining folds
2022-11-22 20:38:43,582:INFO:Declaring metric variables
2022-11-22 20:38:43,590:INFO:Importing untrained model
2022-11-22 20:38:43,598:INFO:SVM - Linear Kernel Imported succesfully
2022-11-22 20:38:43,614:INFO:Starting cross validation
2022-11-22 20:38:43,614:INFO:Cross validating with StratifiedKFold(n_splits=10, random_state=None, shuffle=False), n_jobs=-1
2022-11-22 20:38:43,966:INFO:Calculating mean and std
2022-11-22 20:38:43,966:INFO:Creating metrics dataframe
2022-11-22 20:38:43,974:INFO:Uploading results into container
2022-11-22 20:38:43,974:INFO:Uploading model into container now
2022-11-22 20:38:43,974:INFO:create_model_container: 5
2022-11-22 20:38:43,974:INFO:master_model_container: 5
2022-11-22 20:38:43,974:INFO:display_container: 2
2022-11-22 20:38:43,974:INFO:SGDClassifier(alpha=0.0001, average=False, class_weight=None,
              early_stopping=False, epsilon=0.1, eta0=0.001, fit_intercept=True,
              l1_ratio=0.15, learning_rate='optimal', loss='hinge',
              max_iter=1000, n_iter_no_change=5, n_jobs=-1, penalty='l2',
              power_t=0.5, random_state=3641, shuffle=True, tol=0.001,
              validation_fraction=0.1, verbose=0, warm_start=False)
2022-11-22 20:38:43,982:INFO:create_model() succesfully completed......................................
2022-11-22 20:38:44,166:INFO:SubProcess create_model() end ==================================
2022-11-22 20:38:44,166:INFO:Creating metrics dataframe
2022-11-22 20:38:44,174:INFO:Initializing Ridge Classifier
2022-11-22 20:38:44,174:INFO:Total runtime is 0.10075116952260336 minutes
2022-11-22 20:38:44,182:INFO:SubProcess create_model() called ==================================
2022-11-22 20:38:44,190:INFO:Initializing create_model()
2022-11-22 20:38:44,190:INFO:create_model(estimator=ridge, fold=StratifiedKFold(n_splits=10, random_state=None, shuffle=False), round=4, cross_validation=True, predict=True, fit_kwargs={}, groups=None, refit=False, verbose=False, system=False, metrics=None, experiment_custom_tags=None, add_to_model_list=True, probability_threshold=None, display=<pycaret.internal.Display.Display object at 0x000001C4033B1820>, return_train_score=False, kwargs={})
2022-11-22 20:38:44,190:INFO:Checking exceptions
2022-11-22 20:38:44,190:INFO:Importing libraries
2022-11-22 20:38:44,190:INFO:Copying training dataset
2022-11-22 20:38:44,190:INFO:Defining folds
2022-11-22 20:38:44,190:INFO:Declaring metric variables
2022-11-22 20:38:44,198:INFO:Importing untrained model
2022-11-22 20:38:44,214:INFO:Ridge Classifier Imported succesfully
2022-11-22 20:38:44,222:INFO:Starting cross validation
2022-11-22 20:38:44,230:INFO:Cross validating with StratifiedKFold(n_splits=10, random_state=None, shuffle=False), n_jobs=-1
2022-11-22 20:38:44,622:INFO:Calculating mean and std
2022-11-22 20:38:44,630:INFO:Creating metrics dataframe
2022-11-22 20:38:44,638:INFO:Uploading results into container
2022-11-22 20:38:44,638:INFO:Uploading model into container now
2022-11-22 20:38:44,638:INFO:create_model_container: 6
2022-11-22 20:38:44,638:INFO:master_model_container: 6
2022-11-22 20:38:44,638:INFO:display_container: 2
2022-11-22 20:38:44,638:INFO:RidgeClassifier(alpha=1.0, class_weight=None, copy_X=True, fit_intercept=True,
                max_iter=None, normalize=False, random_state=3641,
                solver='auto', tol=0.001)
2022-11-22 20:38:44,638:INFO:create_model() succesfully completed......................................
2022-11-22 20:38:44,806:INFO:SubProcess create_model() end ==================================
2022-11-22 20:38:44,806:INFO:Creating metrics dataframe
2022-11-22 20:38:44,814:INFO:Initializing Random Forest Classifier
2022-11-22 20:38:44,814:INFO:Total runtime is 0.11141682863235475 minutes
2022-11-22 20:38:44,822:INFO:SubProcess create_model() called ==================================
2022-11-22 20:38:44,822:INFO:Initializing create_model()
2022-11-22 20:38:44,822:INFO:create_model(estimator=rf, fold=StratifiedKFold(n_splits=10, random_state=None, shuffle=False), round=4, cross_validation=True, predict=True, fit_kwargs={}, groups=None, refit=False, verbose=False, system=False, metrics=None, experiment_custom_tags=None, add_to_model_list=True, probability_threshold=None, display=<pycaret.internal.Display.Display object at 0x000001C4033B1820>, return_train_score=False, kwargs={})
2022-11-22 20:38:44,822:INFO:Checking exceptions
2022-11-22 20:38:44,822:INFO:Importing libraries
2022-11-22 20:38:44,822:INFO:Copying training dataset
2022-11-22 20:38:44,822:INFO:Defining folds
2022-11-22 20:38:44,822:INFO:Declaring metric variables
2022-11-22 20:38:44,830:INFO:Importing untrained model
2022-11-22 20:38:44,830:INFO:Random Forest Classifier Imported succesfully
2022-11-22 20:38:44,846:INFO:Starting cross validation
2022-11-22 20:38:44,846:INFO:Cross validating with StratifiedKFold(n_splits=10, random_state=None, shuffle=False), n_jobs=-1
2022-11-22 20:38:45,627:INFO:Calculating mean and std
2022-11-22 20:38:45,627:INFO:Creating metrics dataframe
2022-11-22 20:38:45,643:INFO:Uploading results into container
2022-11-22 20:38:45,643:INFO:Uploading model into container now
2022-11-22 20:38:45,643:INFO:create_model_container: 7
2022-11-22 20:38:45,643:INFO:master_model_container: 7
2022-11-22 20:38:45,643:INFO:display_container: 2
2022-11-22 20:38:45,643:INFO:RandomForestClassifier(bootstrap=True, ccp_alpha=0.0, class_weight=None,
                       criterion='gini', max_depth=None, max_features='auto',
                       max_leaf_nodes=None, max_samples=None,
                       min_impurity_decrease=0.0, min_impurity_split=None,
                       min_samples_leaf=1, min_samples_split=2,
                       min_weight_fraction_leaf=0.0, n_estimators=100,
                       n_jobs=-1, oob_score=False, random_state=3641, verbose=0,
                       warm_start=False)
2022-11-22 20:38:45,643:INFO:create_model() succesfully completed......................................
2022-11-22 20:38:45,819:INFO:SubProcess create_model() end ==================================
2022-11-22 20:38:45,819:INFO:Creating metrics dataframe
2022-11-22 20:38:45,827:INFO:Initializing Quadratic Discriminant Analysis
2022-11-22 20:38:45,835:INFO:Total runtime is 0.1284419377644857 minutes
2022-11-22 20:38:45,835:INFO:SubProcess create_model() called ==================================
2022-11-22 20:38:45,843:INFO:Initializing create_model()
2022-11-22 20:38:45,843:INFO:create_model(estimator=qda, fold=StratifiedKFold(n_splits=10, random_state=None, shuffle=False), round=4, cross_validation=True, predict=True, fit_kwargs={}, groups=None, refit=False, verbose=False, system=False, metrics=None, experiment_custom_tags=None, add_to_model_list=True, probability_threshold=None, display=<pycaret.internal.Display.Display object at 0x000001C4033B1820>, return_train_score=False, kwargs={})
2022-11-22 20:38:45,843:INFO:Checking exceptions
2022-11-22 20:38:45,843:INFO:Importing libraries
2022-11-22 20:38:45,843:INFO:Copying training dataset
2022-11-22 20:38:45,843:INFO:Defining folds
2022-11-22 20:38:45,843:INFO:Declaring metric variables
2022-11-22 20:38:45,851:INFO:Importing untrained model
2022-11-22 20:38:45,859:INFO:Quadratic Discriminant Analysis Imported succesfully
2022-11-22 20:38:45,875:INFO:Starting cross validation
2022-11-22 20:38:45,875:INFO:Cross validating with StratifiedKFold(n_splits=10, random_state=None, shuffle=False), n_jobs=-1
2022-11-22 20:38:45,995:INFO:Calculating mean and std
2022-11-22 20:38:45,995:INFO:Creating metrics dataframe
2022-11-22 20:38:46,003:INFO:Uploading results into container
2022-11-22 20:38:46,003:INFO:Uploading model into container now
2022-11-22 20:38:46,003:INFO:create_model_container: 8
2022-11-22 20:38:46,003:INFO:master_model_container: 8
2022-11-22 20:38:46,003:INFO:display_container: 2
2022-11-22 20:38:46,003:INFO:QuadraticDiscriminantAnalysis(priors=None, reg_param=0.0,
                              store_covariance=False, tol=0.0001)
2022-11-22 20:38:46,003:INFO:create_model() succesfully completed......................................
2022-11-22 20:38:46,172:INFO:SubProcess create_model() end ==================================
2022-11-22 20:38:46,172:INFO:Creating metrics dataframe
2022-11-22 20:38:46,174:INFO:Initializing Ada Boost Classifier
2022-11-22 20:38:46,174:INFO:Total runtime is 0.13408193985621136 minutes
2022-11-22 20:38:46,184:INFO:SubProcess create_model() called ==================================
2022-11-22 20:38:46,184:INFO:Initializing create_model()
2022-11-22 20:38:46,184:INFO:create_model(estimator=ada, fold=StratifiedKFold(n_splits=10, random_state=None, shuffle=False), round=4, cross_validation=True, predict=True, fit_kwargs={}, groups=None, refit=False, verbose=False, system=False, metrics=None, experiment_custom_tags=None, add_to_model_list=True, probability_threshold=None, display=<pycaret.internal.Display.Display object at 0x000001C4033B1820>, return_train_score=False, kwargs={})
2022-11-22 20:38:46,192:INFO:Checking exceptions
2022-11-22 20:38:46,192:INFO:Importing libraries
2022-11-22 20:38:46,192:INFO:Copying training dataset
2022-11-22 20:38:46,192:INFO:Defining folds
2022-11-22 20:38:46,192:INFO:Declaring metric variables
2022-11-22 20:38:46,192:INFO:Importing untrained model
2022-11-22 20:38:46,200:INFO:Ada Boost Classifier Imported succesfully
2022-11-22 20:38:46,208:INFO:Starting cross validation
2022-11-22 20:38:46,216:INFO:Cross validating with StratifiedKFold(n_splits=10, random_state=None, shuffle=False), n_jobs=-1
2022-11-22 20:38:46,560:INFO:Calculating mean and std
2022-11-22 20:38:46,568:INFO:Creating metrics dataframe
2022-11-22 20:38:46,576:INFO:Uploading results into container
2022-11-22 20:38:46,576:INFO:Uploading model into container now
2022-11-22 20:38:46,576:INFO:create_model_container: 9
2022-11-22 20:38:46,576:INFO:master_model_container: 9
2022-11-22 20:38:46,576:INFO:display_container: 2
2022-11-22 20:38:46,576:INFO:AdaBoostClassifier(algorithm='SAMME.R', base_estimator=None, learning_rate=1.0,
                   n_estimators=50, random_state=3641)
2022-11-22 20:38:46,576:INFO:create_model() succesfully completed......................................
2022-11-22 20:38:46,744:INFO:SubProcess create_model() end ==================================
2022-11-22 20:38:46,744:INFO:Creating metrics dataframe
2022-11-22 20:38:46,760:INFO:Initializing Gradient Boosting Classifier
2022-11-22 20:38:46,760:INFO:Total runtime is 0.14385622739791873 minutes
2022-11-22 20:38:46,768:INFO:SubProcess create_model() called ==================================
2022-11-22 20:38:46,768:INFO:Initializing create_model()
2022-11-22 20:38:46,768:INFO:create_model(estimator=gbc, fold=StratifiedKFold(n_splits=10, random_state=None, shuffle=False), round=4, cross_validation=True, predict=True, fit_kwargs={}, groups=None, refit=False, verbose=False, system=False, metrics=None, experiment_custom_tags=None, add_to_model_list=True, probability_threshold=None, display=<pycaret.internal.Display.Display object at 0x000001C4033B1820>, return_train_score=False, kwargs={})
2022-11-22 20:38:46,768:INFO:Checking exceptions
2022-11-22 20:38:46,768:INFO:Importing libraries
2022-11-22 20:38:46,768:INFO:Copying training dataset
2022-11-22 20:38:46,768:INFO:Defining folds
2022-11-22 20:38:46,768:INFO:Declaring metric variables
2022-11-22 20:38:46,776:INFO:Importing untrained model
2022-11-22 20:38:46,784:INFO:Gradient Boosting Classifier Imported succesfully
2022-11-22 20:38:46,792:INFO:Starting cross validation
2022-11-22 20:38:46,792:INFO:Cross validating with StratifiedKFold(n_splits=10, random_state=None, shuffle=False), n_jobs=-1
2022-11-22 20:38:47,016:INFO:Calculating mean and std
2022-11-22 20:38:47,016:INFO:Creating metrics dataframe
2022-11-22 20:38:47,019:INFO:Uploading results into container
2022-11-22 20:38:47,019:INFO:Uploading model into container now
2022-11-22 20:38:47,019:INFO:create_model_container: 10
2022-11-22 20:38:47,019:INFO:master_model_container: 10
2022-11-22 20:38:47,019:INFO:display_container: 2
2022-11-22 20:38:47,027:INFO:GradientBoostingClassifier(ccp_alpha=0.0, criterion='friedman_mse', init=None,
                           learning_rate=0.1, loss='deviance', max_depth=3,
                           max_features=None, max_leaf_nodes=None,
                           min_impurity_decrease=0.0, min_impurity_split=None,
                           min_samples_leaf=1, min_samples_split=2,
                           min_weight_fraction_leaf=0.0, n_estimators=100,
                           n_iter_no_change=None, presort='deprecated',
                           random_state=3641, subsample=1.0, tol=0.0001,
                           validation_fraction=0.1, verbose=0,
                           warm_start=False)
2022-11-22 20:38:47,027:INFO:create_model() succesfully completed......................................
2022-11-22 20:38:47,187:INFO:SubProcess create_model() end ==================================
2022-11-22 20:38:47,187:INFO:Creating metrics dataframe
2022-11-22 20:38:47,195:INFO:Initializing Linear Discriminant Analysis
2022-11-22 20:38:47,195:INFO:Total runtime is 0.15109422206878664 minutes
2022-11-22 20:38:47,203:INFO:SubProcess create_model() called ==================================
2022-11-22 20:38:47,203:INFO:Initializing create_model()
2022-11-22 20:38:47,211:INFO:create_model(estimator=lda, fold=StratifiedKFold(n_splits=10, random_state=None, shuffle=False), round=4, cross_validation=True, predict=True, fit_kwargs={}, groups=None, refit=False, verbose=False, system=False, metrics=None, experiment_custom_tags=None, add_to_model_list=True, probability_threshold=None, display=<pycaret.internal.Display.Display object at 0x000001C4033B1820>, return_train_score=False, kwargs={})
2022-11-22 20:38:47,211:INFO:Checking exceptions
2022-11-22 20:38:47,211:INFO:Importing libraries
2022-11-22 20:38:47,211:INFO:Copying training dataset
2022-11-22 20:38:47,211:INFO:Defining folds
2022-11-22 20:38:47,211:INFO:Declaring metric variables
2022-11-22 20:38:47,211:INFO:Importing untrained model
2022-11-22 20:38:47,219:INFO:Linear Discriminant Analysis Imported succesfully
2022-11-22 20:38:47,235:INFO:Starting cross validation
2022-11-22 20:38:47,235:INFO:Cross validating with StratifiedKFold(n_splits=10, random_state=None, shuffle=False), n_jobs=-1
2022-11-22 20:38:47,347:INFO:Calculating mean and std
2022-11-22 20:38:47,347:INFO:Creating metrics dataframe
2022-11-22 20:38:47,355:INFO:Uploading results into container
2022-11-22 20:38:47,355:INFO:Uploading model into container now
2022-11-22 20:38:47,355:INFO:create_model_container: 11
2022-11-22 20:38:47,355:INFO:master_model_container: 11
2022-11-22 20:38:47,355:INFO:display_container: 2
2022-11-22 20:38:47,355:INFO:LinearDiscriminantAnalysis(n_components=None, priors=None, shrinkage=None,
                           solver='svd', store_covariance=False, tol=0.0001)
2022-11-22 20:38:47,355:INFO:create_model() succesfully completed......................................
2022-11-22 20:38:47,523:INFO:SubProcess create_model() end ==================================
2022-11-22 20:38:47,523:INFO:Creating metrics dataframe
2022-11-22 20:38:47,539:INFO:Initializing Extra Trees Classifier
2022-11-22 20:38:47,539:INFO:Total runtime is 0.1568269729614258 minutes
2022-11-22 20:38:47,539:INFO:SubProcess create_model() called ==================================
2022-11-22 20:38:47,547:INFO:Initializing create_model()
2022-11-22 20:38:47,547:INFO:create_model(estimator=et, fold=StratifiedKFold(n_splits=10, random_state=None, shuffle=False), round=4, cross_validation=True, predict=True, fit_kwargs={}, groups=None, refit=False, verbose=False, system=False, metrics=None, experiment_custom_tags=None, add_to_model_list=True, probability_threshold=None, display=<pycaret.internal.Display.Display object at 0x000001C4033B1820>, return_train_score=False, kwargs={})
2022-11-22 20:38:47,547:INFO:Checking exceptions
2022-11-22 20:38:47,547:INFO:Importing libraries
2022-11-22 20:38:47,547:INFO:Copying training dataset
2022-11-22 20:38:47,547:INFO:Defining folds
2022-11-22 20:38:47,547:INFO:Declaring metric variables
2022-11-22 20:38:47,555:INFO:Importing untrained model
2022-11-22 20:38:47,555:INFO:Extra Trees Classifier Imported succesfully
2022-11-22 20:38:47,571:INFO:Starting cross validation
2022-11-22 20:38:47,571:INFO:Cross validating with StratifiedKFold(n_splits=10, random_state=None, shuffle=False), n_jobs=-1
2022-11-22 20:38:48,232:INFO:Calculating mean and std
2022-11-22 20:38:48,240:INFO:Creating metrics dataframe
2022-11-22 20:38:48,240:INFO:Uploading results into container
2022-11-22 20:38:48,240:INFO:Uploading model into container now
2022-11-22 20:38:48,240:INFO:create_model_container: 12
2022-11-22 20:38:48,248:INFO:master_model_container: 12
2022-11-22 20:38:48,248:INFO:display_container: 2
2022-11-22 20:38:48,248:INFO:ExtraTreesClassifier(bootstrap=False, ccp_alpha=0.0, class_weight=None,
                     criterion='gini', max_depth=None, max_features='auto',
                     max_leaf_nodes=None, max_samples=None,
                     min_impurity_decrease=0.0, min_impurity_split=None,
                     min_samples_leaf=1, min_samples_split=2,
                     min_weight_fraction_leaf=0.0, n_estimators=100, n_jobs=-1,
                     oob_score=False, random_state=3641, verbose=0,
                     warm_start=False)
2022-11-22 20:38:48,248:INFO:create_model() succesfully completed......................................
2022-11-22 20:38:48,408:INFO:SubProcess create_model() end ==================================
2022-11-22 20:38:48,408:INFO:Creating metrics dataframe
2022-11-22 20:38:48,424:INFO:Initializing Light Gradient Boosting Machine
2022-11-22 20:38:48,424:INFO:Total runtime is 0.17159183422724408 minutes
2022-11-22 20:38:48,432:INFO:SubProcess create_model() called ==================================
2022-11-22 20:38:48,432:INFO:Initializing create_model()
2022-11-22 20:38:48,432:INFO:create_model(estimator=lightgbm, fold=StratifiedKFold(n_splits=10, random_state=None, shuffle=False), round=4, cross_validation=True, predict=True, fit_kwargs={}, groups=None, refit=False, verbose=False, system=False, metrics=None, experiment_custom_tags=None, add_to_model_list=True, probability_threshold=None, display=<pycaret.internal.Display.Display object at 0x000001C4033B1820>, return_train_score=False, kwargs={})
2022-11-22 20:38:48,432:INFO:Checking exceptions
2022-11-22 20:38:48,432:INFO:Importing libraries
2022-11-22 20:38:48,432:INFO:Copying training dataset
2022-11-22 20:38:48,432:INFO:Defining folds
2022-11-22 20:38:48,432:INFO:Declaring metric variables
2022-11-22 20:38:48,440:INFO:Importing untrained model
2022-11-22 20:38:48,456:INFO:Light Gradient Boosting Machine Imported succesfully
2022-11-22 20:38:48,464:INFO:Starting cross validation
2022-11-22 20:38:48,472:INFO:Cross validating with StratifiedKFold(n_splits=10, random_state=None, shuffle=False), n_jobs=-1
2022-11-22 20:38:49,975:INFO:Calculating mean and std
2022-11-22 20:38:49,975:INFO:Creating metrics dataframe
2022-11-22 20:38:49,991:INFO:Uploading results into container
2022-11-22 20:38:49,991:INFO:Uploading model into container now
2022-11-22 20:38:49,991:INFO:create_model_container: 13
2022-11-22 20:38:49,991:INFO:master_model_container: 13
2022-11-22 20:38:49,991:INFO:display_container: 2
2022-11-22 20:38:49,991:INFO:LGBMClassifier(boosting_type='gbdt', class_weight=None, colsample_bytree=1.0,
               importance_type='split', learning_rate=0.1, max_depth=-1,
               min_child_samples=20, min_child_weight=0.001, min_split_gain=0.0,
               n_estimators=100, n_jobs=-1, num_leaves=31, objective=None,
               random_state=3641, reg_alpha=0.0, reg_lambda=0.0, silent='warn',
               subsample=1.0, subsample_for_bin=200000, subsample_freq=0)
2022-11-22 20:38:50,015:INFO:create_model() succesfully completed......................................
2022-11-22 20:38:50,183:INFO:SubProcess create_model() end ==================================
2022-11-22 20:38:50,183:INFO:Creating metrics dataframe
2022-11-22 20:38:50,191:INFO:Initializing Dummy Classifier
2022-11-22 20:38:50,191:INFO:Total runtime is 0.20102629661560062 minutes
2022-11-22 20:38:50,199:INFO:SubProcess create_model() called ==================================
2022-11-22 20:38:50,199:INFO:Initializing create_model()
2022-11-22 20:38:50,199:INFO:create_model(estimator=dummy, fold=StratifiedKFold(n_splits=10, random_state=None, shuffle=False), round=4, cross_validation=True, predict=True, fit_kwargs={}, groups=None, refit=False, verbose=False, system=False, metrics=None, experiment_custom_tags=None, add_to_model_list=True, probability_threshold=None, display=<pycaret.internal.Display.Display object at 0x000001C4033B1820>, return_train_score=False, kwargs={})
2022-11-22 20:38:50,199:INFO:Checking exceptions
2022-11-22 20:38:50,199:INFO:Importing libraries
2022-11-22 20:38:50,199:INFO:Copying training dataset
2022-11-22 20:38:50,199:INFO:Defining folds
2022-11-22 20:38:50,199:INFO:Declaring metric variables
2022-11-22 20:38:50,207:INFO:Importing untrained model
2022-11-22 20:38:50,215:INFO:Dummy Classifier Imported succesfully
2022-11-22 20:38:50,223:INFO:Starting cross validation
2022-11-22 20:38:50,223:INFO:Cross validating with StratifiedKFold(n_splits=10, random_state=None, shuffle=False), n_jobs=-1
2022-11-22 20:38:50,271:INFO:Calculating mean and std
2022-11-22 20:38:50,271:INFO:Creating metrics dataframe
2022-11-22 20:38:50,279:INFO:Uploading results into container
2022-11-22 20:38:50,279:INFO:Uploading model into container now
2022-11-22 20:38:50,279:INFO:create_model_container: 14
2022-11-22 20:38:50,279:INFO:master_model_container: 14
2022-11-22 20:38:50,279:INFO:display_container: 2
2022-11-22 20:38:50,279:INFO:DummyClassifier(constant=None, random_state=3641, strategy='prior')
2022-11-22 20:38:50,279:INFO:create_model() succesfully completed......................................
2022-11-22 20:38:50,449:INFO:SubProcess create_model() end ==================================
2022-11-22 20:38:50,449:INFO:Creating metrics dataframe
2022-11-22 20:38:50,465:INFO:Initializing create_model()
2022-11-22 20:38:50,465:INFO:create_model(estimator=GradientBoostingClassifier(ccp_alpha=0.0, criterion='friedman_mse', init=None,
                           learning_rate=0.1, loss='deviance', max_depth=3,
                           max_features=None, max_leaf_nodes=None,
                           min_impurity_decrease=0.0, min_impurity_split=None,
                           min_samples_leaf=1, min_samples_split=2,
                           min_weight_fraction_leaf=0.0, n_estimators=100,
                           n_iter_no_change=None, presort='deprecated',
                           random_state=3641, subsample=1.0, tol=0.0001,
                           validation_fraction=0.1, verbose=0,
                           warm_start=False), fold=StratifiedKFold(n_splits=10, random_state=None, shuffle=False), round=4, cross_validation=False, predict=False, fit_kwargs={}, groups=None, refit=True, verbose=False, system=False, metrics=None, experiment_custom_tags=None, add_to_model_list=True, probability_threshold=None, display=None, return_train_score=False, kwargs={})
2022-11-22 20:38:50,465:INFO:Checking exceptions
2022-11-22 20:38:50,465:INFO:Importing libraries
2022-11-22 20:38:50,473:INFO:Copying training dataset
2022-11-22 20:38:50,473:INFO:Defining folds
2022-11-22 20:38:50,473:INFO:Declaring metric variables
2022-11-22 20:38:50,473:INFO:Importing untrained model
2022-11-22 20:38:50,473:INFO:Declaring custom model
2022-11-22 20:38:50,473:INFO:Gradient Boosting Classifier Imported succesfully
2022-11-22 20:38:50,473:INFO:Cross validation set to False
2022-11-22 20:38:50,473:INFO:Fitting Model
2022-11-22 20:38:50,537:INFO:GradientBoostingClassifier(ccp_alpha=0.0, criterion='friedman_mse', init=None,
                           learning_rate=0.1, loss='deviance', max_depth=3,
                           max_features=None, max_leaf_nodes=None,
                           min_impurity_decrease=0.0, min_impurity_split=None,
                           min_samples_leaf=1, min_samples_split=2,
                           min_weight_fraction_leaf=0.0, n_estimators=100,
                           n_iter_no_change=None, presort='deprecated',
                           random_state=3641, subsample=1.0, tol=0.0001,
                           validation_fraction=0.1, verbose=0,
                           warm_start=False)
2022-11-22 20:38:50,537:INFO:create_models() succesfully completed......................................
2022-11-22 20:38:50,721:INFO:create_model_container: 14
2022-11-22 20:38:50,721:INFO:master_model_container: 14
2022-11-22 20:38:50,721:INFO:display_container: 2
2022-11-22 20:38:50,721:INFO:GradientBoostingClassifier(ccp_alpha=0.0, criterion='friedman_mse', init=None,
                           learning_rate=0.1, loss='deviance', max_depth=3,
                           max_features=None, max_leaf_nodes=None,
                           min_impurity_decrease=0.0, min_impurity_split=None,
                           min_samples_leaf=1, min_samples_split=2,
                           min_weight_fraction_leaf=0.0, n_estimators=100,
                           n_iter_no_change=None, presort='deprecated',
                           random_state=3641, subsample=1.0, tol=0.0001,
                           validation_fraction=0.1, verbose=0,
                           warm_start=False)
2022-11-22 20:38:50,721:INFO:compare_models() succesfully completed......................................
2022-11-22 20:38:50,769:INFO:Initializing save_model()
2022-11-22 20:38:50,769:INFO:save_model(model=GradientBoostingClassifier(ccp_alpha=0.0, criterion='friedman_mse', init=None,
                           learning_rate=0.1, loss='deviance', max_depth=3,
                           max_features=None, max_leaf_nodes=None,
                           min_impurity_decrease=0.0, min_impurity_split=None,
                           min_samples_leaf=1, min_samples_split=2,
                           min_weight_fraction_leaf=0.0, n_estimators=100,
                           n_iter_no_change=None, presort='deprecated',
                           random_state=3641, subsample=1.0, tol=0.0001,
                           validation_fraction=0.1, verbose=0,
                           warm_start=False), model_name=best_model, prep_pipe_=Pipeline(memory=None,
         steps=[('dtypes',
                 DataTypes_Auto_infer(categorical_features=[],
                                      display_types=False, features_todrop=[],
                                      id_columns=[],
                                      ml_usecase='classification',
                                      numerical_features=[],
                                      target='Transported', time_features=[])),
                ('imputer',
                 Simple_Imputer(categorical_strategy='not_available',
                                fill_value_categorical=None,
                                fill_value_numerical=None,
                                numeric...
                ('scaling', 'passthrough'), ('P_transform', 'passthrough'),
                ('binn', 'passthrough'), ('rem_outliers', 'passthrough'),
                ('cluster_all', 'passthrough'),
                ('dummy', Dummify(target='Transported')),
                ('fix_perfect', Remove_100(target='Transported')),
                ('clean_names', Clean_Colum_Names()),
                ('feature_select', 'passthrough'), ('fix_multi', 'passthrough'),
                ('dfs', 'passthrough'), ('pca', 'passthrough')],
         verbose=False), verbose=True, kwargs={})
2022-11-22 20:38:50,777:INFO:Adding model into prep_pipe
2022-11-22 20:38:50,793:INFO:best_model.pkl saved in current working directory
2022-11-22 20:38:50,801:INFO:Pipeline(memory=None,
         steps=[('dtypes',
                 DataTypes_Auto_infer(categorical_features=[],
                                      display_types=False, features_todrop=[],
                                      id_columns=[],
                                      ml_usecase='classification',
                                      numerical_features=[],
                                      target='Transported', time_features=[])),
                ('imputer',
                 Simple_Imputer(categorical_strategy='not_available',
                                fill_value_categorical=None,
                                fill_value_numerical=None,
                                numeric...
                                            learning_rate=0.1, loss='deviance',
                                            max_depth=3, max_features=None,
                                            max_leaf_nodes=None,
                                            min_impurity_decrease=0.0,
                                            min_impurity_split=None,
                                            min_samples_leaf=1,
                                            min_samples_split=2,
                                            min_weight_fraction_leaf=0.0,
                                            n_estimators=100,
                                            n_iter_no_change=None,
                                            presort='deprecated',
                                            random_state=3641, subsample=1.0,
                                            tol=0.0001, validation_fraction=0.1,
                                            verbose=0, warm_start=False)]],
         verbose=False)
2022-11-22 20:38:50,809:INFO:save_model() successfully completed......................................
